timestamp: 2016-10-06T15:21:05.593000
CREATE TABLE auth_user(
    id INTEGER PRIMARY KEY AUTOINCREMENT,
    first_name CHAR(128),
    last_name CHAR(128),
    email CHAR(512),
    password CHAR(512),
    registration_key CHAR(512),
    reset_password_key CHAR(512),
    registration_id CHAR(512)
);
success!
timestamp: 2016-10-06T15:21:05.745000
CREATE TABLE auth_group(
    id INTEGER PRIMARY KEY AUTOINCREMENT,
    role CHAR(512),
    description TEXT
);
success!
timestamp: 2016-10-06T15:21:05.801000
CREATE TABLE auth_membership(
    id INTEGER PRIMARY KEY AUTOINCREMENT,
    user_id INTEGER REFERENCES auth_user (id) ON DELETE CASCADE  ,
    group_id INTEGER REFERENCES auth_group (id) ON DELETE CASCADE  
);
success!
timestamp: 2016-10-06T15:21:05.889000
CREATE TABLE auth_permission(
    id INTEGER PRIMARY KEY AUTOINCREMENT,
    group_id INTEGER REFERENCES auth_group (id) ON DELETE CASCADE  ,
    name CHAR(512),
    table_name CHAR(512),
    record_id INTEGER
);
success!
timestamp: 2016-10-06T15:21:05.938000
CREATE TABLE auth_event(
    id INTEGER PRIMARY KEY AUTOINCREMENT,
    time_stamp TIMESTAMP,
    client_ip CHAR(512),
    user_id INTEGER REFERENCES auth_user (id) ON DELETE CASCADE  ,
    origin CHAR(512),
    description TEXT
);
success!
timestamp: 2016-10-06T15:21:06.002000
CREATE TABLE auth_cas(
    id INTEGER PRIMARY KEY AUTOINCREMENT,
    user_id INTEGER REFERENCES auth_user (id) ON DELETE CASCADE  ,
    created_on TIMESTAMP,
    service CHAR(512),
    ticket CHAR(512),
    renew CHAR(1)
);
success!
timestamp: 2016-11-27T19:52:55.865000
CREATE TABLE auth_user(
    id INT IDENTITY PRIMARY KEY,
    first_name VARCHAR(128) NULL,
    last_name VARCHAR(128) NULL,
    email VARCHAR(512) NULL,
    password VARCHAR(512) NULL,
    registration_key VARCHAR(512) NULL,
    reset_password_key VARCHAR(512) NULL,
    registration_id VARCHAR(512) NULL
);
timestamp: 2016-11-27T19:53:57.326000
CREATE TABLE auth_user(
    id INT IDENTITY PRIMARY KEY,
    first_name VARCHAR(128) NULL,
    last_name VARCHAR(128) NULL,
    email VARCHAR(512) NULL,
    password VARCHAR(512) NULL,
    registration_key VARCHAR(512) NULL,
    reset_password_key VARCHAR(512) NULL,
    registration_id VARCHAR(512) NULL
);
success!
timestamp: 2016-11-27T19:53:57.378000
CREATE TABLE auth_group(
    id INT IDENTITY PRIMARY KEY,
    role VARCHAR(512) NULL,
    description VARCHAR(MAX) NULL
);
success!
timestamp: 2016-11-27T19:53:57.428000
CREATE TABLE auth_membership(
    id INT IDENTITY PRIMARY KEY,
    user_id INT  NULL , CONSTRAINT auth_membership_user_id__constraint FOREIGN KEY (user_id) REFERENCES auth_user (id) ON DELETE CASCADE,
    group_id INT  NULL , CONSTRAINT auth_membership_group_id__constraint FOREIGN KEY (group_id) REFERENCES auth_group (id) ON DELETE CASCADE
);
success!
timestamp: 2016-11-27T19:53:57.482000
CREATE TABLE auth_permission(
    id INT IDENTITY PRIMARY KEY,
    group_id INT  NULL , CONSTRAINT auth_permission_group_id__constraint FOREIGN KEY (group_id) REFERENCES auth_group (id) ON DELETE CASCADE,
    name VARCHAR(512) NULL,
    table_name VARCHAR(512) NULL,
    record_id INT NULL
);
success!
timestamp: 2016-11-27T19:53:57.536000
CREATE TABLE auth_event(
    id INT IDENTITY PRIMARY KEY,
    time_stamp DATETIME NULL,
    client_ip VARCHAR(512) NULL,
    user_id INT  NULL , CONSTRAINT auth_event_user_id__constraint FOREIGN KEY (user_id) REFERENCES auth_user (id) ON DELETE CASCADE,
    origin VARCHAR(512) NULL,
    description VARCHAR(MAX) NULL
);
success!
timestamp: 2016-11-27T19:53:57.603000
CREATE TABLE auth_cas(
    id INT IDENTITY PRIMARY KEY,
    user_id INT  NULL , CONSTRAINT auth_cas_user_id__constraint FOREIGN KEY (user_id) REFERENCES auth_user (id) ON DELETE CASCADE,
    created_on DATETIME NULL,
    service VARCHAR(512) NULL,
    ticket VARCHAR(512) NULL,
    renew BIT NULL
);
success!
